<?xml version="1.0" encoding="UTF-8" ?>
<testsuite tests="3" failures="0" name="de.codecentric.recommendationService.TestBulkheads" time="0.12" errors="3" skipped="0">
  <properties>
    <property name="java.runtime.name" value="Java(TM) SE Runtime Environment"/>
    <property name="sun.boot.library.path" value="/Library/Java/JavaVirtualMachines/jdk1.8.0_20.jdk/Contents/Home/jre/lib"/>
    <property name="java.vm.version" value="25.20-b23"/>
    <property name="gopherProxySet" value="false"/>
    <property name="java.vm.vendor" value="Oracle Corporation"/>
    <property name="maven.multiModuleProjectDirectory" value="/Users/afitz/Dropbox/resilience-tutorial/recommendationService"/>
    <property name="java.vendor.url" value="http://java.oracle.com/"/>
    <property name="path.separator" value=":"/>
    <property name="guice.disable.misplaced.annotation.check" value="true"/>
    <property name="java.vm.name" value="Java HotSpot(TM) 64-Bit Server VM"/>
    <property name="file.encoding.pkg" value="sun.io"/>
    <property name="user.country" value="DE"/>
    <property name="sun.java.launcher" value="SUN_STANDARD"/>
    <property name="sun.os.patch.level" value="unknown"/>
    <property name="java.vm.specification.name" value="Java Virtual Machine Specification"/>
    <property name="user.dir" value="/Users/afitz/Dropbox/resilience-tutorial/recommendationService"/>
    <property name="java.runtime.version" value="1.8.0_20-b26"/>
    <property name="java.awt.graphicsenv" value="sun.awt.CGraphicsEnvironment"/>
    <property name="java.endorsed.dirs" value="/Library/Java/JavaVirtualMachines/jdk1.8.0_20.jdk/Contents/Home/jre/lib/endorsed"/>
    <property name="os.arch" value="x86_64"/>
    <property name="java.io.tmpdir" value="/var/folders/0m/m7bnr02j17g0h90tst8_22nw0000gn/T/"/>
    <property name="line.separator" value="
"/>
    <property name="java.vm.specification.vendor" value="Oracle Corporation"/>
    <property name="os.name" value="Mac OS X"/>
    <property name="classworlds.conf" value="/usr/local/Cellar/maven/3.3.9/libexec/bin/m2.conf"/>
    <property name="sun.jnu.encoding" value="UTF-8"/>
    <property name="java.library.path" value="/Users/afitz/Library/Java/Extensions:/Library/Java/Extensions:/Network/Library/Java/Extensions:/System/Library/Java/Extensions:/usr/lib/java:."/>
    <property name="java.specification.name" value="Java Platform API Specification"/>
    <property name="java.class.version" value="52.0"/>
    <property name="sun.management.compiler" value="HotSpot 64-Bit Tiered Compilers"/>
    <property name="os.version" value="10.11.3"/>
    <property name="http.nonProxyHosts" value="local|*.local|169.254/16|*.169.254/16"/>
    <property name="user.home" value="/Users/afitz"/>
    <property name="user.timezone" value="Europe/Berlin"/>
    <property name="java.awt.printerjob" value="sun.lwawt.macosx.CPrinterJob"/>
    <property name="java.specification.version" value="1.8"/>
    <property name="file.encoding" value="UTF-8"/>
    <property name="user.name" value="afitz"/>
    <property name="java.class.path" value="/usr/local/Cellar/maven/3.3.9/libexec/boot/plexus-classworlds-2.5.2.jar"/>
    <property name="java.vm.specification.version" value="1.8"/>
    <property name="sun.arch.data.model" value="64"/>
    <property name="java.home" value="/Library/Java/JavaVirtualMachines/jdk1.8.0_20.jdk/Contents/Home/jre"/>
    <property name="sun.java.command" value="org.codehaus.plexus.classworlds.launcher.Launcher test"/>
    <property name="java.specification.vendor" value="Oracle Corporation"/>
    <property name="user.language" value="de"/>
    <property name="awt.toolkit" value="sun.lwawt.macosx.LWCToolkit"/>
    <property name="java.vm.info" value="mixed mode"/>
    <property name="java.version" value="1.8.0_20"/>
    <property name="java.ext.dirs" value="/Users/afitz/Library/Java/Extensions:/Library/Java/JavaVirtualMachines/jdk1.8.0_20.jdk/Contents/Home/jre/lib/ext:/Library/Java/Extensions:/Network/Library/Java/Extensions:/System/Library/Java/Extensions:/usr/lib/java"/>
    <property name="sun.boot.class.path" value="/Library/Java/JavaVirtualMachines/jdk1.8.0_20.jdk/Contents/Home/jre/lib/resources.jar:/Library/Java/JavaVirtualMachines/jdk1.8.0_20.jdk/Contents/Home/jre/lib/rt.jar:/Library/Java/JavaVirtualMachines/jdk1.8.0_20.jdk/Contents/Home/jre/lib/sunrsasign.jar:/Library/Java/JavaVirtualMachines/jdk1.8.0_20.jdk/Contents/Home/jre/lib/jsse.jar:/Library/Java/JavaVirtualMachines/jdk1.8.0_20.jdk/Contents/Home/jre/lib/jce.jar:/Library/Java/JavaVirtualMachines/jdk1.8.0_20.jdk/Contents/Home/jre/lib/charsets.jar:/Library/Java/JavaVirtualMachines/jdk1.8.0_20.jdk/Contents/Home/jre/lib/jfr.jar:/Library/Java/JavaVirtualMachines/jdk1.8.0_20.jdk/Contents/Home/jre/classes"/>
    <property name="java.vendor" value="Oracle Corporation"/>
    <property name="maven.home" value="/usr/local/Cellar/maven/3.3.9/libexec"/>
    <property name="file.separator" value="/"/>
    <property name="java.vendor.url.bug" value="http://bugreport.sun.com/bugreport/"/>
    <property name="sun.cpu.endian" value="little"/>
    <property name="sun.io.unicode.encoding" value="UnicodeBig"/>
    <property name="socksNonProxyHosts" value="local|*.local|169.254/16|*.169.254/16"/>
    <property name="ftp.nonProxyHosts" value="local|*.local|169.254/16|*.169.254/16"/>
    <property name="sun.cpu.isalist" value=""/>
  </properties>
  <testcase classname="de.codecentric.recommendationService.TestBulkheads" name="testRecurringLatency" time="0.02">
    <error type="java.lang.NullPointerException">java.lang.NullPointerException
	at de.codecentric.recommendationService.TestBulkheads.testRecurringLatency(TestBulkheads.java:144)
	at sun.reflect.NativeMethodAccessorImpl.invoke0(Native Method)
	at sun.reflect.NativeMethodAccessorImpl.invoke(NativeMethodAccessorImpl.java:62)
	at sun.reflect.DelegatingMethodAccessorImpl.invoke(DelegatingMethodAccessorImpl.java:43)
	at java.lang.reflect.Method.invoke(Method.java:483)
	at org.junit.runners.model.FrameworkMethod$1.runReflectiveCall(FrameworkMethod.java:50)
	at org.junit.internal.runners.model.ReflectiveCallable.run(ReflectiveCallable.java:12)
	at org.junit.runners.model.FrameworkMethod.invokeExplosively(FrameworkMethod.java:47)
	at org.junit.internal.runners.statements.InvokeMethod.evaluate(InvokeMethod.java:17)
	at org.junit.runners.ParentRunner.runLeaf(ParentRunner.java:325)
	at org.junit.runners.BlockJUnit4ClassRunner.runChild(BlockJUnit4ClassRunner.java:78)
	at org.junit.runners.BlockJUnit4ClassRunner.runChild(BlockJUnit4ClassRunner.java:57)
	at org.junit.runners.ParentRunner$3.run(ParentRunner.java:290)
	at org.junit.runners.ParentRunner$1.schedule(ParentRunner.java:71)
	at org.junit.runners.ParentRunner.runChildren(ParentRunner.java:288)
	at org.junit.runners.ParentRunner.access$000(ParentRunner.java:58)
	at org.junit.runners.ParentRunner$2.evaluate(ParentRunner.java:268)
	at org.junit.internal.runners.statements.RunBefores.evaluate(RunBefores.java:26)
	at org.junit.internal.runners.statements.RunAfters.evaluate(RunAfters.java:27)
	at org.junit.rules.ExternalResource$1.evaluate(ExternalResource.java:48)
	at org.junit.rules.RunRules.evaluate(RunRules.java:20)
	at org.junit.runners.ParentRunner.run(ParentRunner.java:363)
	at org.apache.maven.surefire.junit4.JUnit4Provider.execute(JUnit4Provider.java:252)
	at org.apache.maven.surefire.junit4.JUnit4Provider.executeTestSet(JUnit4Provider.java:141)
	at org.apache.maven.surefire.junit4.JUnit4Provider.invoke(JUnit4Provider.java:112)
	at sun.reflect.NativeMethodAccessorImpl.invoke0(Native Method)
	at sun.reflect.NativeMethodAccessorImpl.invoke(NativeMethodAccessorImpl.java:62)
	at sun.reflect.DelegatingMethodAccessorImpl.invoke(DelegatingMethodAccessorImpl.java:43)
	at java.lang.reflect.Method.invoke(Method.java:483)
	at org.apache.maven.surefire.util.ReflectionUtils.invokeMethodWithArray(ReflectionUtils.java:189)
	at org.apache.maven.surefire.booter.ProviderFactory$ProviderProxy.invoke(ProviderFactory.java:165)
	at org.apache.maven.surefire.booter.ProviderFactory.invokeProvider(ProviderFactory.java:85)
	at org.apache.maven.surefire.booter.ForkedBooter.runSuitesInProcess(ForkedBooter.java:115)
	at org.apache.maven.surefire.booter.ForkedBooter.main(ForkedBooter.java:75)
</error>
    <system-out>INFO  [2016-04-05 13:33:23,834] org.eclipse.jetty.util.log: Logging initialized @6011ms
INFO  [2016-04-05 13:33:24,907] io.dropwizard.server.ServerFactory: Starting Awesome Recommendation Service
INFO  [2016-04-05 13:33:25,008] io.dropwizard.server.DefaultServerFactory: Registering jersey handler with root path prefix: /
INFO  [2016-04-05 13:33:25,062] io.dropwizard.server.DefaultServerFactory: Registering admin handler with root path prefix: /
INFO  [2016-04-05 13:33:25,218] org.eclipse.jetty.setuid.SetUIDListener: Opened application@42a9a63e{HTTP/1.1}{0.0.0.0:8101}
INFO  [2016-04-05 13:33:25,219] org.eclipse.jetty.setuid.SetUIDListener: Opened admin@62da83ed{HTTP/1.1}{0.0.0.0:8201}
INFO  [2016-04-05 13:33:25,319] org.eclipse.jetty.server.Server: jetty-9.2.13.v20150730
INFO  [2016-04-05 13:33:26,906] io.dropwizard.jersey.DropwizardResourceConfig: The following paths were found for the configured resources:

    GET     /recommendation (de.codecentric.recommendationService.resources.RecommendationResource)

INFO  [2016-04-05 13:33:26,911] org.eclipse.jetty.server.handler.ContextHandler: Started i.d.j.MutableServletContextHandler@c6da8bb{/,null,AVAILABLE}
INFO  [2016-04-05 13:33:26,917] io.dropwizard.setup.AdminEnvironment: tasks = 

    POST    /tasks/log-level (io.dropwizard.servlets.tasks.LogConfigurationTask)
    POST    /tasks/gc (io.dropwizard.servlets.tasks.GarbageCollectionTask)

INFO  [2016-04-05 13:33:26,956] org.eclipse.jetty.server.handler.ContextHandler: Started i.d.j.MutableServletContextHandler@5533dc72{/,null,AVAILABLE}
INFO  [2016-04-05 13:33:27,002] org.eclipse.jetty.server.ServerConnector: Started application@42a9a63e{HTTP/1.1}{0.0.0.0:8101}
INFO  [2016-04-05 13:33:27,029] org.eclipse.jetty.server.ServerConnector: Started admin@62da83ed{HTTP/1.1}{0.0.0.0:8201}
INFO  [2016-04-05 13:33:27,034] org.eclipse.jetty.server.Server: Started @9213ms
INFO  [2016-04-05 13:33:27,038] de.codecentric.recommendationService.TestBulkheads: -----------------------------------------------------------
INFO  [2016-04-05 13:33:27,039] de.codecentric.recommendationService.TestBulkheads: initializeImpostor
INFO  [2016-04-05 13:33:27,039] de.codecentric.recommendationService.TestBulkheads: -----------------------------------------------------------
start Process: java.lang.UNIXProcess@6dd82486 with localhost:8102
start Process: java.lang.UNIXProcess@1aac188d with localhost:8103
INFO  [2016-04-05 13:33:27,155] de.codecentric.recommendationService.clients.upstream.ImpostorClientUpStreamFactory: ImpostorClient build: UpStream
INFO  [2016-04-05 13:33:27,236] de.codecentric.recommendationService.clients.upstream.ImpostorClientUpStreamConfig: Loading config : src/test/resources/upStream/config/normal.json
INFO  [2016-04-05 13:33:27,241] de.codecentric.recommendationService.clients.upstream.ImpostorClientUpStreamConfig: Loading config : src/test/resources/upStream/config/pressure.json
INFO  [2016-04-05 13:33:27,244] de.codecentric.recommendationService.clients.upstream.ImpostorClientUpStream: UpStreamConfig: normal
INFO  [2016-04-05 13:33:27,562] de.codecentric.recommendationService.clients.upstream.ImpostorClientUpStream: set config to: normal was successfull
INFO  [2016-04-05 13:33:27,581] de.codecentric.recommendationService.clients.downstream.ImpostorClientDownStreamFactory: ImpostorClient build: DownStreamStream
INFO  [2016-04-05 13:33:27,589] de.codecentric.recommendationService.clients.downstream.ImpostorClientDownStreamConfig: Loading config : src/test/resources/downStream/config/normal.json
INFO  [2016-04-05 13:33:27,594] de.codecentric.recommendationService.clients.downstream.ImpostorClientDownStreamConfig: Loading config : src/test/resources/downStream/config/one_time_latency.json
INFO  [2016-04-05 13:33:27,612] de.codecentric.recommendationService.clients.downstream.ImpostorClientDownStreamConfig: Loading config : src/test/resources/downStream/config/recurring_latency.json
INFO  [2016-04-05 13:33:27,613] de.codecentric.recommendationService.clients.downstream.ImpostorClientDownStream: DownStreamConfig: normal
ERROR [2016-04-05 13:33:27,623] de.codecentric.recommendationService.clients.ImpostorClient: NoHttpResponseException in sendToImpostor: localhost:8102 failed to respond
ERROR [2016-04-05 13:33:27,623] de.codecentric.recommendationService.TestBulkheads: set config normal to DownStreamImpostor was not successfull. Status: 999
INFO  [2016-04-05 13:33:27,629] de.codecentric.recommendationService.TestBulkheads: -----------------------------------------------------------
INFO  [2016-04-05 13:33:27,629] de.codecentric.recommendationService.TestBulkheads: testRecurringLatency
INFO  [2016-04-05 13:33:27,629] de.codecentric.recommendationService.TestBulkheads: -----------------------------------------------------------
ERROR [2016-04-05 13:33:27,630] de.codecentric.recommendationService.TestBulkheads: Message: null
</system-out>
  </testcase>
  <testcase classname="de.codecentric.recommendationService.TestBulkheads" name="testNormal" time="0.001">
    <error type="java.lang.NullPointerException">java.lang.NullPointerException
	at de.codecentric.recommendationService.TestBulkheads.testNormal(TestBulkheads.java:89)
	at sun.reflect.NativeMethodAccessorImpl.invoke0(Native Method)
	at sun.reflect.NativeMethodAccessorImpl.invoke(NativeMethodAccessorImpl.java:62)
	at sun.reflect.DelegatingMethodAccessorImpl.invoke(DelegatingMethodAccessorImpl.java:43)
	at java.lang.reflect.Method.invoke(Method.java:483)
	at org.junit.runners.model.FrameworkMethod$1.runReflectiveCall(FrameworkMethod.java:50)
	at org.junit.internal.runners.model.ReflectiveCallable.run(ReflectiveCallable.java:12)
	at org.junit.runners.model.FrameworkMethod.invokeExplosively(FrameworkMethod.java:47)
	at org.junit.internal.runners.statements.InvokeMethod.evaluate(InvokeMethod.java:17)
	at org.junit.runners.ParentRunner.runLeaf(ParentRunner.java:325)
	at org.junit.runners.BlockJUnit4ClassRunner.runChild(BlockJUnit4ClassRunner.java:78)
	at org.junit.runners.BlockJUnit4ClassRunner.runChild(BlockJUnit4ClassRunner.java:57)
	at org.junit.runners.ParentRunner$3.run(ParentRunner.java:290)
	at org.junit.runners.ParentRunner$1.schedule(ParentRunner.java:71)
	at org.junit.runners.ParentRunner.runChildren(ParentRunner.java:288)
	at org.junit.runners.ParentRunner.access$000(ParentRunner.java:58)
	at org.junit.runners.ParentRunner$2.evaluate(ParentRunner.java:268)
	at org.junit.internal.runners.statements.RunBefores.evaluate(RunBefores.java:26)
	at org.junit.internal.runners.statements.RunAfters.evaluate(RunAfters.java:27)
	at org.junit.rules.ExternalResource$1.evaluate(ExternalResource.java:48)
	at org.junit.rules.RunRules.evaluate(RunRules.java:20)
	at org.junit.runners.ParentRunner.run(ParentRunner.java:363)
	at org.apache.maven.surefire.junit4.JUnit4Provider.execute(JUnit4Provider.java:252)
	at org.apache.maven.surefire.junit4.JUnit4Provider.executeTestSet(JUnit4Provider.java:141)
	at org.apache.maven.surefire.junit4.JUnit4Provider.invoke(JUnit4Provider.java:112)
	at sun.reflect.NativeMethodAccessorImpl.invoke0(Native Method)
	at sun.reflect.NativeMethodAccessorImpl.invoke(NativeMethodAccessorImpl.java:62)
	at sun.reflect.DelegatingMethodAccessorImpl.invoke(DelegatingMethodAccessorImpl.java:43)
	at java.lang.reflect.Method.invoke(Method.java:483)
	at org.apache.maven.surefire.util.ReflectionUtils.invokeMethodWithArray(ReflectionUtils.java:189)
	at org.apache.maven.surefire.booter.ProviderFactory$ProviderProxy.invoke(ProviderFactory.java:165)
	at org.apache.maven.surefire.booter.ProviderFactory.invokeProvider(ProviderFactory.java:85)
	at org.apache.maven.surefire.booter.ForkedBooter.runSuitesInProcess(ForkedBooter.java:115)
	at org.apache.maven.surefire.booter.ForkedBooter.main(ForkedBooter.java:75)
</error>
    <system-out>INFO  [2016-04-05 13:33:27,644] de.codecentric.recommendationService.TestBulkheads: -----------------------------------------------------------
INFO  [2016-04-05 13:33:27,644] de.codecentric.recommendationService.TestBulkheads: testNormal
INFO  [2016-04-05 13:33:27,644] de.codecentric.recommendationService.TestBulkheads: -----------------------------------------------------------
</system-out>
  </testcase>
  <testcase classname="de.codecentric.recommendationService.TestBulkheads" name="de.codecentric.recommendationService.TestBulkheads" time="0.099">
    <error type="java.lang.NullPointerException">java.lang.NullPointerException
	at de.codecentric.recommendationService.TestBulkheads.resetImpostor(TestBulkheads.java:156)
	at sun.reflect.NativeMethodAccessorImpl.invoke0(Native Method)
	at sun.reflect.NativeMethodAccessorImpl.invoke(NativeMethodAccessorImpl.java:62)
	at sun.reflect.DelegatingMethodAccessorImpl.invoke(DelegatingMethodAccessorImpl.java:43)
	at java.lang.reflect.Method.invoke(Method.java:483)
	at org.junit.runners.model.FrameworkMethod$1.runReflectiveCall(FrameworkMethod.java:50)
	at org.junit.internal.runners.model.ReflectiveCallable.run(ReflectiveCallable.java:12)
	at org.junit.runners.model.FrameworkMethod.invokeExplosively(FrameworkMethod.java:47)
	at org.junit.internal.runners.statements.RunAfters.evaluate(RunAfters.java:33)
	at org.junit.rules.ExternalResource$1.evaluate(ExternalResource.java:48)
	at org.junit.rules.RunRules.evaluate(RunRules.java:20)
	at org.junit.runners.ParentRunner.run(ParentRunner.java:363)
	at org.apache.maven.surefire.junit4.JUnit4Provider.execute(JUnit4Provider.java:252)
	at org.apache.maven.surefire.junit4.JUnit4Provider.executeTestSet(JUnit4Provider.java:141)
	at org.apache.maven.surefire.junit4.JUnit4Provider.invoke(JUnit4Provider.java:112)
	at sun.reflect.NativeMethodAccessorImpl.invoke0(Native Method)
	at sun.reflect.NativeMethodAccessorImpl.invoke(NativeMethodAccessorImpl.java:62)
	at sun.reflect.DelegatingMethodAccessorImpl.invoke(DelegatingMethodAccessorImpl.java:43)
	at java.lang.reflect.Method.invoke(Method.java:483)
	at org.apache.maven.surefire.util.ReflectionUtils.invokeMethodWithArray(ReflectionUtils.java:189)
	at org.apache.maven.surefire.booter.ProviderFactory$ProviderProxy.invoke(ProviderFactory.java:165)
	at org.apache.maven.surefire.booter.ProviderFactory.invokeProvider(ProviderFactory.java:85)
	at org.apache.maven.surefire.booter.ForkedBooter.runSuitesInProcess(ForkedBooter.java:115)
	at org.apache.maven.surefire.booter.ForkedBooter.main(ForkedBooter.java:75)
</error>
    <system-out>INFO  [2016-04-05 13:33:27,647] de.codecentric.recommendationService.TestBulkheads: -----------------------------------------------------------
INFO  [2016-04-05 13:33:27,647] de.codecentric.recommendationService.TestBulkheads: resetImpostor
INFO  [2016-04-05 13:33:27,647] de.codecentric.recommendationService.TestBulkheads: -----------------------------------------------------------
INFO  [2016-04-05 13:33:27,670] org.eclipse.jetty.server.ServerConnector: Stopped application@42a9a63e{HTTP/1.1}{0.0.0.0:8101}
INFO  [2016-04-05 13:33:27,676] org.eclipse.jetty.server.ServerConnector: Stopped admin@62da83ed{HTTP/1.1}{0.0.0.0:8201}
INFO  [2016-04-05 13:33:27,680] org.eclipse.jetty.server.handler.ContextHandler: Stopped i.d.j.MutableServletContextHandler@5533dc72{/,null,UNAVAILABLE}
INFO  [2016-04-05 13:33:27,687] org.eclipse.jetty.server.handler.ContextHandler: Stopped i.d.j.MutableServletContextHandler@c6da8bb{/,null,UNAVAILABLE}
</system-out>
  </testcase>
</testsuite>